{"timestamp": "2025-09-22 22:53:28", "level": "INFO", "logger": "ritsu.main", "message": "Bootstrapped components", "module": "main", "function": "bootstrap", "line": 275}
{"timestamp": "2025-09-22 22:53:28", "level": "WARNING", "logger": "ritsu.main", "message": "InputManager not available; skipping input loop", "module": "main", "function": "run", "line": 517}
{"timestamp": "2025-09-22 22:53:28", "level": "WARNING", "logger": "ritsu.main", "message": "Core components missing; skipping core loop", "module": "main", "function": "run", "line": 523}
{"timestamp": "2025-09-22 22:53:28", "level": "ERROR", "logger": "ritsu.main", "message": "Fatal error in run loop", "module": "main", "function": "run", "line": 573, "exception": "Traceback (most recent call last):\n  File \"d:\\Du lieu o C\\Desktop\\The_Ritsu\\main.py\", line 536, in run\n    done, pending = await asyncio.wait(tasks.values(), return_when=asyncio.FIRST_COMPLETED)\n                    ^^^^^^^^^^^^^^^^^^^^^^^^^^^^^^^^^^^^^^^^^^^^^^^^^^^^^^^^^^^^^^^^^^^^^^^\n  File \"D:\\Coding ooo\\Lib\\asyncio\\tasks.py\", line 441, in wait\n    raise ValueError('Set of Tasks/Futures is empty.')\nValueError: Set of Tasks/Futures is empty."}
{"timestamp": "2025-09-22 22:53:28", "level": "INFO", "logger": "ritsu.main", "message": "Shutting down...", "module": "main", "function": "shutdown", "line": 420}
{"timestamp": "2025-09-22 22:53:28", "level": "INFO", "logger": "ritsu.main", "message": "Shutdown complete", "module": "main", "function": "shutdown", "line": 461}
{"timestamp": "2025-09-23 17:34:03", "level": "INFO", "logger": "ritsu.main", "message": "Bootstrapped components", "module": "main", "function": "bootstrap", "line": 275}
{"timestamp": "2025-09-23 17:34:03", "level": "WARNING", "logger": "ritsu.main", "message": "InputManager not available; skipping input loop", "module": "main", "function": "run", "line": 517}
{"timestamp": "2025-09-23 17:34:03", "level": "WARNING", "logger": "ritsu.main", "message": "Core components missing; skipping core loop", "module": "main", "function": "run", "line": 523}
{"timestamp": "2025-09-23 17:34:03", "level": "ERROR", "logger": "ritsu.main", "message": "Fatal error in run loop", "module": "main", "function": "run", "line": 573, "exception": "Traceback (most recent call last):\n  File \"d:\\Du lieu o C\\Desktop\\The_Ritsu\\main.py\", line 536, in run\n    done, pending = await asyncio.wait(tasks.values(), return_when=asyncio.FIRST_COMPLETED)\n                    ^^^^^^^^^^^^^^^^^^^^^^^^^^^^^^^^^^^^^^^^^^^^^^^^^^^^^^^^^^^^^^^^^^^^^^^\n  File \"D:\\Coding ooo\\Lib\\asyncio\\tasks.py\", line 441, in wait\n    raise ValueError('Set of Tasks/Futures is empty.')\nValueError: Set of Tasks/Futures is empty."}
{"timestamp": "2025-09-23 17:34:03", "level": "INFO", "logger": "ritsu.main", "message": "Shutting down...", "module": "main", "function": "shutdown", "line": 420}
{"timestamp": "2025-09-23 17:34:03", "level": "INFO", "logger": "ritsu.main", "message": "Shutdown complete", "module": "main", "function": "shutdown", "line": 461}
{"timestamp": "2025-09-23 17:46:58", "level": "INFO", "logger": "ritsu.main", "message": "Bootstrapped components", "module": "main", "function": "bootstrap", "line": 275}
{"timestamp": "2025-09-23 17:46:58", "level": "WARNING", "logger": "ritsu.main", "message": "InputManager not available; skipping input loop", "module": "main", "function": "run", "line": 517}
{"timestamp": "2025-09-23 17:46:58", "level": "WARNING", "logger": "ritsu.main", "message": "Core components missing; skipping core loop", "module": "main", "function": "run", "line": 523}
{"timestamp": "2025-09-23 17:46:58", "level": "ERROR", "logger": "ritsu.main", "message": "Fatal error in run loop", "module": "main", "function": "run", "line": 573, "exception": "Traceback (most recent call last):\n  File \"d:\\Du lieu o C\\Desktop\\The_Ritsu\\main.py\", line 536, in run\n    done, pending = await asyncio.wait(tasks.values(), return_when=asyncio.FIRST_COMPLETED)\n                    ^^^^^^^^^^^^^^^^^^^^^^^^^^^^^^^^^^^^^^^^^^^^^^^^^^^^^^^^^^^^^^^^^^^^^^^\n  File \"D:\\Coding ooo\\Lib\\asyncio\\tasks.py\", line 441, in wait\n    raise ValueError('Set of Tasks/Futures is empty.')\nValueError: Set of Tasks/Futures is empty."}
{"timestamp": "2025-09-23 17:46:58", "level": "INFO", "logger": "ritsu.main", "message": "Shutting down...", "module": "main", "function": "shutdown", "line": 420}
{"timestamp": "2025-09-23 17:46:58", "level": "INFO", "logger": "ritsu.main", "message": "Shutdown complete", "module": "main", "function": "shutdown", "line": 461}
{"timestamp": "2025-09-25 12:32:43", "level": "INFO", "logger": "ritsu.main", "message": "Bootstrapped components", "module": "main", "function": "bootstrap", "line": 348}
{"timestamp": "2025-09-25 12:32:43", "level": "ERROR", "logger": "ritsu.main", "message": "Unhandled exception at top-level", "module": "main", "function": "main", "line": 783, "exception": "Traceback (most recent call last):\n  File \"d:\\Du lieu o C\\Desktop\\The_Ritsu\\main.py\", line 779, in main\n    exit_code = asyncio.run(run(sys.argv[1:]))\n  File \"D:\\Coding ooo\\Lib\\asyncio\\runners.py\", line 195, in run\n    return runner.run(main)\n           ~~~~~~~~~~^^^^^^\n  File \"D:\\Coding ooo\\Lib\\asyncio\\runners.py\", line 118, in run\n    return self._loop.run_until_complete(task)\n           ~~~~~~~~~~~~~~~~~~~~~~~~~~~~~^^^^^^\n  File \"D:\\Coding ooo\\Lib\\asyncio\\base_events.py\", line 725, in run_until_complete\n    return future.result()\n           ~~~~~~~~~~~~~^^\n  File \"d:\\Du lieu o C\\Desktop\\The_Ritsu\\main.py\", line 701, in run\n    tasks[\"maintenance\"] = asyncio.create_task(maintenance_loop(ctx), name=\"maintenance_loop\")\n    ^^^^^\nUnboundLocalError: cannot access local variable 'tasks' where it is not associated with a value"}
{"timestamp": "2025-09-26 15:29:53", "level": "INFO", "logger": "ritsu.main", "message": "Bootstrapped components", "module": "main", "function": "bootstrap", "line": 348}
{"timestamp": "2025-09-26 15:29:53", "level": "ERROR", "logger": "ritsu.main", "message": "Unhandled exception at top-level", "module": "main", "function": "main", "line": 783, "exception": "Traceback (most recent call last):\n  File \"d:\\Du lieu o C\\Desktop\\The_Ritsu\\main.py\", line 779, in main\n    exit_code = asyncio.run(run(sys.argv[1:]))\n  File \"D:\\Coding ooo\\Lib\\asyncio\\runners.py\", line 195, in run\n    return runner.run(main)\n           ~~~~~~~~~~^^^^^^\n  File \"D:\\Coding ooo\\Lib\\asyncio\\runners.py\", line 118, in run\n    return self._loop.run_until_complete(task)\n           ~~~~~~~~~~~~~~~~~~~~~~~~~~~~~^^^^^^\n  File \"D:\\Coding ooo\\Lib\\asyncio\\base_events.py\", line 725, in run_until_complete\n    return future.result()\n           ~~~~~~~~~~~~~^^\n  File \"d:\\Du lieu o C\\Desktop\\The_Ritsu\\main.py\", line 701, in run\n    tasks[\"maintenance\"] = asyncio.create_task(maintenance_loop(ctx), name=\"maintenance_loop\")\n    ^^^^^\nUnboundLocalError: cannot access local variable 'tasks' where it is not associated with a value"}
{"timestamp": "2025-09-26 22:01:27", "level": "INFO", "logger": "ritsu.main", "message": "Bootstrapped components", "module": "main", "function": "bootstrap", "line": 371}
{"timestamp": "2025-09-26 22:01:27", "level": "WARNING", "logger": "ritsu.main", "message": "InputManager not available; skipping input loop", "module": "main", "function": "run", "line": 746}
{"timestamp": "2025-09-26 22:01:27", "level": "WARNING", "logger": "ritsu.main", "message": "Core components missing; skipping core loop", "module": "main", "function": "run", "line": 752}
{"timestamp": "2025-09-26 22:07:05", "level": "INFO", "logger": "ritsu.main", "message": "Bootstrapped components", "module": "main", "function": "bootstrap", "line": 371}
{"timestamp": "2025-09-26 22:07:05", "level": "WARNING", "logger": "ritsu.main", "message": "InputManager not available; skipping input loop", "module": "main", "function": "run", "line": 746}
{"timestamp": "2025-09-26 22:07:05", "level": "WARNING", "logger": "ritsu.main", "message": "Core components missing; skipping core loop", "module": "main", "function": "run", "line": 752}
{"timestamp": "2025-09-27 14:59:30", "level": "INFO", "logger": "ritsu.main", "message": "Bootstrapped components", "module": "main", "function": "bootstrap", "line": 371}
{"timestamp": "2025-09-27 14:59:30", "level": "WARNING", "logger": "ritsu.main", "message": "InputManager not available; skipping input loop", "module": "main", "function": "run", "line": 746}
{"timestamp": "2025-09-27 14:59:30", "level": "WARNING", "logger": "ritsu.main", "message": "Core components missing; skipping core loop", "module": "main", "function": "run", "line": 752}
{"timestamp": "2025-09-27 15:18:26", "level": "INFO", "logger": "ritsu.main", "message": "Bootstrapped components", "module": "main", "function": "bootstrap", "line": 371}
{"timestamp": "2025-09-27 15:18:26", "level": "WARNING", "logger": "ritsu.main", "message": "Core components missing; cannot start core loop", "module": "main", "function": "run", "line": 735}
{"timestamp": "2025-09-27 15:21:01", "level": "INFO", "logger": "ritsu.main", "message": "Bootstrapped components", "module": "main", "function": "bootstrap", "line": 371}
{"timestamp": "2025-09-27 15:21:01", "level": "WARNING", "logger": "ritsu.main", "message": "Core components missing; cannot start core loop", "module": "main", "function": "run", "line": 735}
{"timestamp": "2025-09-28 17:25:57", "level": "INFO", "logger": "ritsu.main", "message": "Bootstrapped components", "module": "main", "function": "bootstrap", "line": 371}
{"timestamp": "2025-09-28 17:25:57", "level": "WARNING", "logger": "ritsu.main", "message": "Core components missing; cannot start core loop", "module": "main", "function": "run", "line": 735}
